INFO  2025-11-12 21:44:49,794 serena.cli:health_check:573 - Starting health check for project: /Users/mdub/Documents/Dev End/User Python/Reflex_pylot
INFO  2025-11-12 21:44:49,794 serena.cli:health_check:577 - Creating SerenaAgent with disabled dashboard...
INFO  2025-11-12 21:44:49,795 serena.agent:__init__:130 - Will record tool usage statistics with token count estimator: CHAR_COUNT.
INFO  2025-11-12 21:44:49,821 serena.agent:__init__:134 - Starting Serena server (version=0.1.4-f2b3fbf0-dirty, process id=44456, parent process id=44216)
INFO  2025-11-12 21:44:49,822 serena.agent:__init__:135 - Configuration file: None
INFO  2025-11-12 21:44:49,822 serena.agent:__init__:136 - Available projects: 
INFO  2025-11-12 21:44:49,822 serena.agent:__init__:137 - Loaded tools (38): read_file, create_text_file, list_dir, find_file, replace_regex, delete_lines, replace_lines, insert_at_line, search_for_pattern, restart_language_server, get_symbols_overview, find_symbol, find_referencing_symbols, replace_symbol_body, insert_after_symbol, insert_before_symbol, rename_symbol, write_memory, read_memory, list_memories, delete_memory, edit_memory, execute_shell_command, activate_project, remove_project, switch_modes, get_current_config, check_onboarding_performed, onboarding, think_about_collected_information, think_about_task_adherence, think_about_whether_you_are_done, summarize_changes, prepare_for_new_conversation, initial_instructions, jet_brains_find_symbol, jet_brains_find_referencing_symbols, jet_brains_get_symbols_overview
INFO  2025-11-12 21:44:49,822 serena.config.serena_config:apply:110 - SerenaAgentContext[name='desktop-app'] included 1 tools: switch_modes
INFO  2025-11-12 21:44:49,822 serena.agent:__init__:151 - Number of exposed tools: 29
INFO  2025-11-12 21:44:49,832 serena.agent:_update_active_tools:382 - Active tools (29): activate_project, check_onboarding_performed, create_text_file, delete_memory, edit_memory, execute_shell_command, find_file, find_referencing_symbols, find_symbol, get_current_config, get_symbols_overview, initial_instructions, insert_after_symbol, insert_before_symbol, list_dir, list_memories, onboarding, prepare_for_new_conversation, read_file, read_memory, rename_symbol, replace_regex, replace_symbol_body, search_for_pattern, switch_modes, think_about_collected_information, think_about_task_adherence, think_about_whether_you_are_done, write_memory
INFO  2025-11-12 21:44:49,835 serena.util.file_system:start:360 - Loading of .gitignore files starting ...
INFO  2025-11-12 21:44:49,835 serena.util.file_system:_load_gitignore_files:148 - Processing .gitignore file: /Users/mdub/Documents/Dev End/User Python/Reflex_pylot/.gitignore
INFO  2025-11-12 21:44:49,835 serena.util.file_system:_load_gitignore_files:148 - Processing .gitignore file: /Users/mdub/Documents/Dev End/User Python/Reflex_pylot/.serena/.gitignore
INFO  2025-11-12 21:44:49,836 serena.util.file_system:stop:367 - Loading of .gitignore files completed in 0.002 seconds
INFO  2025-11-12 21:44:49,837 serena.agent:load_project_from_path_or_name:449 - Added new project Reflex_pylot for path /Users/mdub/Documents/Dev End/User Python/Reflex_pylot
INFO  2025-11-12 21:44:49,837 serena.agent:_activate_project:419 - Activating Reflex_pylot at /Users/mdub/Documents/Dev End/User Python/Reflex_pylot
INFO  2025-11-12 21:44:49,837 serena.agent:_update_active_tools:382 - Active tools (29): activate_project, check_onboarding_performed, create_text_file, delete_memory, edit_memory, execute_shell_command, find_file, find_referencing_symbols, find_symbol, get_current_config, get_symbols_overview, initial_instructions, insert_after_symbol, insert_before_symbol, list_dir, list_memories, onboarding, prepare_for_new_conversation, read_file, read_memory, rename_symbol, replace_regex, replace_symbol_body, search_for_pattern, switch_modes, think_about_collected_information, think_about_task_adherence, think_about_whether_you_are_done, write_memory
INFO  2025-11-12 21:44:49,837 serena.task_executor:issue_task:192 - Scheduling Task-1:init_language_server_manager
INFO  2025-11-12 21:44:49,837 serena.cli:health_check:580 - SerenaAgent created successfully
INFO  2025-11-12 21:44:49,837 serena.cli:health_check:583 - Searching for analyzable files...
INFO  2025-11-12 21:44:49,842 serena.cli:health_check:592 - Found analyzable file: rxconfig.py
INFO  2025-11-12 21:44:49,842 serena.cli:health_check:610 - Testing GetSymbolsOverviewTool on file: rxconfig.py
INFO  2025-11-12 21:44:49,842 serena.task_executor:issue_task:192 - Scheduling Task-2:<lambda>
INFO  2025-11-12 21:44:49,928 serena.task_executor:_process_task_queue:123 - Starting execution of Task-1:init_language_server_manager
INFO  2025-11-12 21:44:49,928 serena.task_executor:start:360 - Task-1:init_language_server_manager starting ...
INFO  2025-11-12 21:44:49,928 serena.agent:start:360 - Language server initialization starting ...
INFO  2025-11-12 21:44:49,928 serena.project:create_language_server_manager:384 - Creating language server manager for /Users/mdub/Documents/Dev End/User Python/Reflex_pylot
INFO  2025-11-12 21:44:49,928 sensai.util.logging:start:360 - Language server startup (language=python) starting ...
INFO  2025-11-12 21:44:49,928 serena.ls_manager:create_language_server:44 - Creating language server instance for /Users/mdub/Documents/Dev End/User Python/Reflex_pylot, language=python.
INFO  2025-11-12 21:44:49,977 solidlsp:load_cache:1597 - Loading document symbols cache from /Users/mdub/Documents/Dev End/User Python/Reflex_pylot/.serena/cache/python/document_symbols_cache_v23-06-25.pkl
INFO  2025-11-12 21:44:49,978 solidlsp:load_cache:1601 - Loaded 104 document symbols from cache.
INFO  2025-11-12 21:44:49,978 solidlsp:start:1689 - Starting language server with language python for /Users/mdub/Documents/Dev End/User Python/Reflex_pylot
INFO  2025-11-12 21:44:49,978 solidlsp:_start_server:172 - Starting pyright-langserver server process
INFO  2025-11-12 21:44:49,979 solidlsp.ls_handler:start:193 - Starting language server process via command: python -m pyright.langserver --stdio
INFO  2025-11-12 21:44:49,980 solidlsp:_start_server:178 - Sending initialize request from LSP client to pyright server and awaiting response
INFO  2025-11-12 21:44:50,114 solidlsp:window_log_message:142 - LSP: window/logMessage: Pyright language server 1.1.407 starting
INFO  2025-11-12 21:44:50,115 solidlsp:window_log_message:142 - LSP: window/logMessage: Server root directory: file:///Users/mdub/.cache/uv/archive-v0/J9qTVHEDW7eNp3Dwl2tFt/lib/python3.12/site-packages/pyright/dist/dist
INFO  2025-11-12 21:44:50,116 solidlsp:window_log_message:142 - LSP: window/logMessage: Starting service instance "Reflex_pylot"
INFO  2025-11-12 21:44:50,116 solidlsp:_start_server:183 - Received initialize response from pyright server: {"capabilities": {"textDocumentSync": 2, "definitionProvider": {"workDoneProgress": True}, "declarationProvider": {"workDoneProgress": True}, "typeDefinitionProvider": {"workDoneProgress": True}, "referencesProvider": {"workDoneProgress": True}, "documentSymbolProvider": {"workDoneProgress": True}, "workspaceSymbolProvider": {"workDoneProgress": True}, "hoverProvider": {"workDoneProgress": True}, "documentHighlightProvider": {"workDoneProgress": True}, "renameProvider": {"prepareProvider": True, "workDoneProgress": True}, "completionProvider": {"triggerCharacters": [".", "[", """, """], "resolveProvider": True, "workDoneProgress": True, "completionItem": {"labelDetailsSupport": True}}, "signatureHelpProvider": {"triggerCharacters": ["(", ",", ")"], "workDoneProgress": True}, "codeActionProvider": {"codeActionKinds": ["quickfix", "source.organizeImports"], "workDoneProgress": True}, "executeCommandProvider": {"commands": [], "workDoneProgress": True}, "callHierarchyProvider": True, "workspace": {"workspaceFolders": {"supported": True, "changeNotifications": True}}}}
INFO  2025-11-12 21:44:50,117 solidlsp:_start_server:195 - Waiting for Pyright to complete initial workspace analysis...
INFO  2025-11-12 21:44:50,176 solidlsp:window_log_message:142 - LSP: window/logMessage: No include entries specified; assuming /Users/mdub/Documents/Dev End/User Python/Reflex_pylot
INFO  2025-11-12 21:44:50,177 solidlsp:window_log_message:142 - LSP: window/logMessage: Auto-excluding **/node_modules
INFO  2025-11-12 21:44:50,177 solidlsp:window_log_message:142 - LSP: window/logMessage: Auto-excluding **/__pycache__
INFO  2025-11-12 21:44:50,177 solidlsp:window_log_message:142 - LSP: window/logMessage: Auto-excluding **/.*
INFO  2025-11-12 21:44:50,177 solidlsp:window_log_message:142 - LSP: window/logMessage: Assuming Python version 3.12.10.final.0
INFO  2025-11-12 21:44:50,184 solidlsp:window_log_message:142 - LSP: window/logMessage: Found 54 source files
INFO  2025-11-12 21:44:50,184 solidlsp:window_log_message:147 - Pyright workspace scanning complete
INFO  2025-11-12 21:44:50,184 solidlsp:_start_server:197 - Pyright initial analysis complete, server ready
INFO  2025-11-12 21:44:50,184 sensai.util.logging:stop:367 - Language server startup (language=python) completed in 0.257 seconds
INFO  2025-11-12 21:44:50,185 serena.agent:stop:367 - Language server initialization completed in 0.257 seconds
INFO  2025-11-12 21:44:50,185 serena.task_executor:stop:367 - Task-1:init_language_server_manager completed in 0.257 seconds
INFO  2025-11-12 21:44:50,185 serena.task_executor:_process_task_queue:123 - Starting execution of Task-2:<lambda>
INFO  2025-11-12 21:44:50,185 serena.task_executor:start:360 - Task-2:<lambda> starting ...
INFO  2025-11-12 21:44:50,187 serena.task_executor:stop:367 - Task-2:<lambda> completed in 0.002 seconds
INFO  2025-11-12 21:44:50,187 serena.cli:health_check:613 - GetSymbolsOverviewTool returned 1 symbols
INFO  2025-11-12 21:44:50,188 serena.cli:health_check:634 - No class or function found, using first available symbol
INFO  2025-11-12 21:44:50,188 serena.cli:health_check:638 - Using symbol for testing: config (kind: 13)
INFO  2025-11-12 21:44:50,188 serena.cli:health_check:641 - Testing FindSymbolTool for symbol: config
INFO  2025-11-12 21:44:50,188 serena.task_executor:issue_task:192 - Scheduling Task-3:<lambda>
INFO  2025-11-12 21:44:50,293 serena.task_executor:_process_task_queue:123 - Starting execution of Task-3:<lambda>
INFO  2025-11-12 21:44:50,293 serena.task_executor:start:360 - Task-3:<lambda> starting ...
INFO  2025-11-12 21:44:50,294 serena.task_executor:stop:367 - Task-3:<lambda> completed in 0.001 seconds
INFO  2025-11-12 21:44:50,294 serena.cli:health_check:646 - FindSymbolTool found 1 matches for symbol config
INFO  2025-11-12 21:44:50,294 serena.cli:health_check:649 - Testing FindReferencingSymbolsTool for symbol: config
INFO  2025-11-12 21:44:50,294 serena.task_executor:issue_task:192 - Scheduling Task-4:<lambda>
INFO  2025-11-12 21:44:50,399 serena.task_executor:_process_task_queue:123 - Starting execution of Task-4:<lambda>
INFO  2025-11-12 21:44:50,399 serena.task_executor:start:360 - Task-4:<lambda> starting ...
INFO  2025-11-12 21:44:52,540 serena.task_executor:stop:367 - Task-4:<lambda> completed in 2.141 seconds
INFO  2025-11-12 21:44:52,541 serena.cli:health_check:653 - FindReferencingSymbolsTool found 0 references for symbol config
INFO  2025-11-12 21:44:52,541 serena.cli:health_check:659 - Testing SearchForPatternTool for pattern: config
INFO  2025-11-12 21:44:52,541 serena.task_executor:issue_task:192 - Scheduling Task-5:<lambda>
INFO  2025-11-12 21:44:52,641 serena.task_executor:_process_task_queue:123 - Starting execution of Task-5:<lambda>
INFO  2025-11-12 21:44:52,641 serena.task_executor:start:360 - Task-5:<lambda> starting ...
INFO  2025-11-12 21:44:52,650 serena.text_utils:search_files:365 - Processing 52 files.
INFO  2025-11-12 21:44:52,669 serena.text_utils:search_files:406 - Found 6 total matches across 52 files
INFO  2025-11-12 21:44:52,669 serena.task_executor:stop:367 - Task-5:<lambda> completed in 0.028 seconds
INFO  2025-11-12 21:44:52,669 serena.cli:health_check:666 - SearchForPatternTool found 6 pattern matches for config
INFO  2025-11-12 21:44:52,669 serena.cli:health_check:680 - Health check completed successfully
